
> cross-connect-dashboard@0.1.0 dev
> next dev

 ⚠ Port 3000 is in use, trying 3001 instead.
  ▲ Next.js 14.2.0
  - Local:        http://localhost:3001

 ✓ Starting...
 ✓ Ready in 2.1s
 ○ Compiling /api/demo-agent/config ...
 ✓ Compiled /api/demo-agent/config in 701ms (55 modules)
Failed to fetch demo agent config: PrismaClientInitializationError:
Invalid `prisma.demoAgentConfig.findUnique()` invocation:


error: Error validating datasource `db`: the URL must start with the protocol `postgresql://` or `postgres://`.
  -->  schema.prisma:10
   |
 9 |   provider = "postgresql"
10 |   url      = env("DATABASE_URL")
   |

Validation Error Count: 1
    at In.handleRequestError (/app/cross-connect-dashboard/node_modules/@prisma/client/runtime/library.js:122:7154)
    at In.handleAndLogRequestError (/app/cross-connect-dashboard/node_modules/@prisma/client/runtime/library.js:122:6188)
    at In.request (/app/cross-connect-dashboard/node_modules/@prisma/client/runtime/library.js:122:5896)
    at async l (/app/cross-connect-dashboard/node_modules/@prisma/client/runtime/library.js:127:10871)
    at async GET (webpack-internal:///(rsc)/./src/app/api/demo-agent/config/route.ts:13:27)
    at async /app/cross-connect-dashboard/node_modules/next/dist/compiled/next-server/app-route.runtime.dev.js:6:53238
    at async e_.execute (/app/cross-connect-dashboard/node_modules/next/dist/compiled/next-server/app-route.runtime.dev.js:6:44501)
    at async e_.handle (/app/cross-connect-dashboard/node_modules/next/dist/compiled/next-server/app-route.runtime.dev.js:6:54492)
    at async doRender (/app/cross-connect-dashboard/node_modules/next/dist/server/base-server.js:1372:42)
    at async cacheEntry.responseCache.get.routeKind (/app/cross-connect-dashboard/node_modules/next/dist/server/base-server.js:1594:28)
    at async DevServer.renderToResponseWithComponentsImpl (/app/cross-connect-dashboard/node_modules/next/dist/server/base-server.js:1502:28)
    at async DevServer.renderPageComponent (/app/cross-connect-dashboard/node_modules/next/dist/server/base-server.js:1919:24)
    at async DevServer.renderToResponseImpl (/app/cross-connect-dashboard/node_modules/next/dist/server/base-server.js:1957:32)
    at async DevServer.pipeImpl (/app/cross-connect-dashboard/node_modules/next/dist/server/base-server.js:915:25)
    at async NextNodeServer.handleCatchallRenderRequest (/app/cross-connect-dashboard/node_modules/next/dist/server/next-server.js:272:17)
    at async DevServer.handleRequestImpl (/app/cross-connect-dashboard/node_modules/next/dist/server/base-server.js:811:17)
    at async /app/cross-connect-dashboard/node_modules/next/dist/server/dev/next-dev-server.js:339:20
    at async Span.traceAsyncFn (/app/cross-connect-dashboard/node_modules/next/dist/trace/trace.js:154:20)
    at async DevServer.handleRequest (/app/cross-connect-dashboard/node_modules/next/dist/server/dev/next-dev-server.js:336:24)
    at async invokeRender (/app/cross-connect-dashboard/node_modules/next/dist/server/lib/router-server.js:174:21)
    at async handleRequest (/app/cross-connect-dashboard/node_modules/next/dist/server/lib/router-server.js:353:24)
    at async requestHandlerImpl (/app/cross-connect-dashboard/node_modules/next/dist/server/lib/router-server.js:377:13)
    at async Server.requestListener (/app/cross-connect-dashboard/node_modules/next/dist/server/lib/start-server.js:141:13) {
  clientVersion: '5.11.0',
  errorCode: undefined
}
 GET /api/demo-agent/config 500 in 923ms
